<?xml version="1.0" encoding="UTF-8"?>
<testng-results ignored="0" total="1" passed="1" failed="0" skipped="0">
  <reporter-output>
  </reporter-output>
  <suite started-at="2023-01-25T08:40:08 IST" name="Default suite" finished-at="2023-01-25T08:40:13 IST" duration-ms="4786">
    <groups>
      <group name="cucumber">
        <method signature="AbstractTestNGCucumberTests.runScenario(io.cucumber.testng.PickleWrapper,io.cucumber.testng.FeatureWrapper)[pri:0, instance:apprunner.LoginRunner@3e11f9e9]" name="runScenario" class="io.cucumber.testng.AbstractTestNGCucumberTests"/>
      </group> <!-- cucumber -->
    </groups>
    <test started-at="2023-01-25T08:40:08 IST" name="Default test" finished-at="2023-01-25T08:40:13 IST" duration-ms="4786">
      <class name="apprunner.LoginRunner">
        <test-method is-config="true" signature="setUpClass()[pri:0, instance:apprunner.LoginRunner@3e11f9e9]" started-at="2023-01-25T08:40:09 IST" name="setUpClass" finished-at="2023-01-25T08:40:10 IST" duration-ms="1333" status="PASS">
          <reporter-output>
          </reporter-output>
        </test-method> <!-- setUpClass -->
        <test-method signature="runScenario(io.cucumber.testng.PickleWrapper,io.cucumber.testng.FeatureWrapper)[pri:0, instance:apprunner.LoginRunner@3e11f9e9]" started-at="2023-01-25T08:40:10 IST" name="runScenario" description="Runs Cucumber Scenarios" data-provider="scenarios" finished-at="2023-01-25T08:40:11 IST" duration-ms="602" status="PASS">
          <params>
            <param index="0">
              <value>
                <![CDATA["login with correct credentials"]]>
              </value>
            </param>
            <param index="1">
              <value>
                <![CDATA["Optional[Login feature]"]]>
              </value>
            </param>
          </params>
          <reporter-output>
          </reporter-output>
        </test-method> <!-- runScenario -->
        <test-method is-config="true" signature="tearDownClass()[pri:0, instance:apprunner.LoginRunner@3e11f9e9]" started-at="2023-01-25T08:40:11 IST" name="tearDownClass" finished-at="2023-01-25T08:40:13 IST" duration-ms="2654" status="PASS">
          <reporter-output>
          </reporter-output>
        </test-method> <!-- tearDownClass -->
      </class> <!-- apprunner.LoginRunner -->
    </test> <!-- Default test -->
  </suite> <!-- Default suite -->
</testng-results>
